0 info it worked if it ends with ok
1 verbose cli [ 'C:\\Program Files\\nodejs\\node.exe',
1 verbose cli   'C:\\Program Files\\nodejs\\node_modules\\npm\\bin\\npm-cli.js',
1 verbose cli   'run',
1 verbose cli   'newslide' ]
2 info using npm@2.14.4
3 info using node@v4.1.1
4 verbose run-script [ 'prenewslide', 'newslide', 'postnewslide' ]
5 info prenewslide TrainingAngular2@1.0.1-SNAPSHOT
6 info newslide TrainingAngular2@1.0.1-SNAPSHOT
7 verbose unsafe-perm in lifecycle true
8 info TrainingAngular2@1.0.1-SNAPSHOT Failed to exec newslide script
9 verbose stack Error: TrainingAngular2@1.0.1-SNAPSHOT newslide: `node more/tools/newComp`
9 verbose stack Exit status 1
9 verbose stack     at EventEmitter.<anonymous> (C:\Program Files\nodejs\node_modules\npm\lib\utils\lifecycle.js:214:16)
9 verbose stack     at emitTwo (events.js:87:13)
9 verbose stack     at EventEmitter.emit (events.js:172:7)
9 verbose stack     at ChildProcess.<anonymous> (C:\Program Files\nodejs\node_modules\npm\lib\utils\spawn.js:24:14)
9 verbose stack     at emitTwo (events.js:87:13)
9 verbose stack     at ChildProcess.emit (events.js:172:7)
9 verbose stack     at maybeClose (internal/child_process.js:817:16)
9 verbose stack     at Process.ChildProcess._handle.onexit (internal/child_process.js:211:5)
10 verbose pkgid TrainingAngular2@1.0.1-SNAPSHOT
11 verbose cwd C:\more\work\javascript\angular2\trainingangular2
12 error Windows_NT 6.1.7601
13 error argv "C:\\Program Files\\nodejs\\node.exe" "C:\\Program Files\\nodejs\\node_modules\\npm\\bin\\npm-cli.js" "run" "newslide"
14 error node v4.1.1
15 error npm  v2.14.4
16 error code ELIFECYCLE
17 error TrainingAngular2@1.0.1-SNAPSHOT newslide: `node more/tools/newComp`
17 error Exit status 1
18 error Failed at the TrainingAngular2@1.0.1-SNAPSHOT newslide script 'node more/tools/newComp'.
18 error This is most likely a problem with the TrainingAngular2 package,
18 error not with npm itself.
18 error Tell the author that this fails on your system:
18 error     node more/tools/newComp
18 error You can get their info via:
18 error     npm owner ls TrainingAngular2
18 error There is likely additional logging output above.
19 verbose exit [ 1, true ]
